2021-09-18 17:59:49,318 | asyncio | DEBUG | Using selector: EpollSelector
2021-09-18 17:59:49,318 | bot | DEBUG | created bot base.
2021-09-18 17:59:49,331 | constant | DEBUG | init database succesful
2021-09-18 17:59:49,570 | utils.planner | DEBUG | triggered update
2021-09-18 17:59:49,575 | bot | DEBUG | bot subclass Created.
2021-09-18 17:59:49,577 | bot | INFO | Cog loaded: ErrorHandler
2021-09-18 17:59:49,579 | bot | INFO | Cog loaded: Help
2021-09-18 17:59:49,581 | bot | INFO | Cog loaded: Assignments
2021-09-18 17:59:49,800 | bot | INFO | Cog loaded: Music
2021-09-18 17:59:49,802 | bot | INFO | Cog loaded: Utility
2021-09-18 17:59:49,803 | bot | INFO | Cog loaded: SetUp
2021-09-18 17:59:49,805 | bot | INFO | Cog loaded: DayLoop
2021-09-18 17:59:49,806 | bot | INFO | Cog loaded: AdminCommands
2021-09-18 17:59:49,807 | bot | INFO | Cog loaded: Debug
2021-09-18 17:59:49,808 | bot | INFO | Cog loaded: NewPatch
2021-09-18 17:59:49,809 | bot | INFO | Cog loaded: Latency
2021-09-18 17:59:49,811 | bot | INFO | Cog loaded: Snekbox
2021-09-18 17:59:49,812 | bot | INFO | Cog loaded: VoiceChannel
2021-09-18 17:59:49,867 | bot | INFO | Cog loaded: KUSNews
2021-09-18 17:59:49,868 | bot | INFO | Cog loaded: Updater
2021-09-18 17:59:49,928 | exts.kus | DEBUG | loaded data
2021-09-18 17:59:52,495 | utils.planner | DEBUG | returning sorted date for 562976873685057546
2021-09-18 17:59:52,501 | exts.new_patch | DEBUG | Version change found, annoucing..
2021-09-18 17:59:52,502 | bot | INFO | Connected successfully
2021-09-18 17:59:52,673 | bot | DEBUG | changed bot status
2021-09-18 17:59:52,674 | bot | DEBUG | creating assignment embed...
2021-09-18 17:59:52,675 | bot | DEBUG | successfully created assignment embed
2021-09-18 17:59:53,767 | bot | DEBUG | creating assignment embed...
2021-09-18 17:59:53,767 | bot | DEBUG | successfully created assignment embed
2021-09-18 17:59:54,853 | bot | DEBUG | creating assignment embed...
2021-09-18 17:59:54,854 | bot | DEBUG | successfully created assignment embed
2021-09-18 17:59:55,940 | bot | DEBUG | creating assignment embed...
2021-09-18 17:59:55,940 | bot | DEBUG | successfully created assignment embed
2021-09-18 17:59:57,255 | bot | DEBUG | creating assignment embed...
2021-09-18 17:59:57,255 | bot | DEBUG | successfully created assignment embed
2021-09-18 17:59:58,639 | bot | DEBUG | exts.update :white_check_mark: Sucessfully update works at 562976873685057546 :
1010EEEEE
2021-09-18 17:59:58,805 | exts.update | DEBUG | updated active-works for 562976873685057546
2021-09-18 17:59:58,825 | utils.planner | DEBUG | returning sorted date for 728482381215826000
2021-09-18 17:59:58,944 | bot | DEBUG | creating assignment embed...
2021-09-18 17:59:58,944 | bot | DEBUG | successfully created assignment embed
2021-09-18 18:00:00,080 | bot | DEBUG | creating assignment embed...
2021-09-18 18:00:00,080 | bot | DEBUG | successfully created assignment embed
2021-09-18 18:00:01,182 | bot | DEBUG | exts.update :white_check_mark: Sucessfully update works at 728482381215826000 :
22EE
2021-09-18 18:00:01,313 | exts.update | DEBUG | updated active-works for 728482381215826000
2021-09-18 18:00:01,313 | utils.planner | DEBUG | returning sorted date for 829749071891005512
2021-09-18 18:00:01,518 | utils.planner | DEBUG | returning sorted date for 773426467492069386
2021-09-18 19:02:40,233 | bot | INFO | Resumed Connection
2021-09-18 19:02:40,415 | bot | DEBUG | changed bot status
2021-09-18 20:35:36,056 | bot | INFO | Resumed Connection
2021-09-18 20:35:36,221 | bot | DEBUG | changed bot status
2021-09-18 23:00:49,879 | bot | DEBUG | exts.dayloop New day [UTC+1] detected.
2021-09-18 23:00:50,114 | exts.dayloop | DEBUG | updating passed work
2021-09-18 23:00:50,115 | utils.planner | DEBUG | looping througth all assignment...
2021-09-18 23:00:50,155 | exts.dayloop | DEBUG | updating 562976873685057546
2021-09-18 23:00:50,155 | bot | DEBUG | creating assignment embed...
2021-09-18 23:00:50,155 | bot | DEBUG | successfully created assignment embed
2021-09-18 23:00:50,268 | exts.dayloop | DEBUG | updated 562976873685057546
2021-09-18 23:00:50,268 | utils.planner | DEBUG | checking old work to delete
2021-09-18 23:00:50,270 | utils.planner | DEBUG | found 0
2021-09-18 23:00:50,270 | utils.planner | DEBUG | triggered update
2021-09-18 23:01:49,979 | utils.planner | DEBUG | returning sorted date for 562976873685057546
2021-09-18 23:01:50,112 | bot | DEBUG | creating assignment embed...
2021-09-18 23:01:50,112 | bot | DEBUG | successfully created assignment embed
2021-09-18 23:01:51,205 | bot | DEBUG | creating assignment embed...
2021-09-18 23:01:51,205 | bot | DEBUG | successfully created assignment embed
2021-09-18 23:01:52,500 | bot | DEBUG | creating assignment embed...
2021-09-18 23:01:52,500 | bot | DEBUG | successfully created assignment embed
2021-09-18 23:01:53,632 | bot | DEBUG | creating assignment embed...
2021-09-18 23:01:53,632 | bot | DEBUG | successfully created assignment embed
2021-09-18 23:01:54,755 | bot | DEBUG | creating assignment embed...
2021-09-18 23:01:54,755 | bot | DEBUG | successfully created assignment embed
2021-09-18 23:01:55,943 | bot | DEBUG | creating assignment embed...
2021-09-18 23:01:55,943 | bot | DEBUG | successfully created assignment embed
2021-09-18 23:01:57,056 | bot | DEBUG | creating assignment embed...
2021-09-18 23:01:57,056 | bot | DEBUG | successfully created assignment embed
2021-09-18 23:01:58,222 | bot | DEBUG | creating assignment embed...
2021-09-18 23:01:58,222 | bot | DEBUG | successfully created assignment embed
2021-09-18 23:02:00,414 | bot | DEBUG | exts.update :white_check_mark: Sucessfully update works at 562976873685057546 :
910EEEEEEEED
2021-09-18 23:02:00,517 | exts.update | DEBUG | updated active-works for 562976873685057546
2021-09-18 23:02:00,542 | utils.planner | DEBUG | returning sorted date for 728482381215826000
2021-09-18 23:02:00,659 | bot | DEBUG | creating assignment embed...
2021-09-18 23:02:00,659 | bot | DEBUG | successfully created assignment embed
2021-09-18 23:02:01,760 | bot | DEBUG | creating assignment embed...
2021-09-18 23:02:01,760 | bot | DEBUG | successfully created assignment embed
2021-09-18 23:02:02,885 | bot | DEBUG | exts.update :white_check_mark: Sucessfully update works at 728482381215826000 :
22EE
2021-09-18 23:02:03,017 | exts.update | DEBUG | updated active-works for 728482381215826000
2021-09-18 23:02:03,017 | utils.planner | DEBUG | returning sorted date for 829749071891005512
2021-09-18 23:02:03,142 | utils.planner | DEBUG | returning sorted date for 773426467492069386
2021-09-19 00:12:14,833 | bot | INFO | Resumed Connection
2021-09-19 00:12:14,983 | bot | DEBUG | changed bot status
2021-09-19 03:56:54,592 | bot | INFO | Resumed Connection
2021-09-19 03:56:55,169 | bot | DEBUG | changed bot status
2021-09-19 05:45:25,060 | bot | INFO | Resumed Connection
2021-09-19 05:45:25,346 | bot | DEBUG | changed bot status
2021-09-19 08:24:24,688 | bot | INFO | Resumed Connection
2021-09-19 08:24:24,879 | bot | DEBUG | changed bot status
2021-09-19 10:37:18,781 | bot | INFO | Resumed Connection
2021-09-19 10:37:18,964 | bot | DEBUG | changed bot status
2021-09-19 11:58:56,964 | bot | INFO | Resumed Connection
2021-09-19 11:58:57,141 | bot | DEBUG | changed bot status
2021-09-19 13:43:18,757 | bot | INFO | Resumed Connection
2021-09-19 13:43:18,932 | bot | DEBUG | changed bot status
2021-09-19 15:57:06,184 | bot | INFO | Cog loaded: Music
2021-09-19 15:57:06,231 | bot | ERROR | Traceback (most recent call last):
  File "/opt/virtualenvs/python3/lib/python3.8/site-packages/discord/client.py", line 343, in _run_event
    await coro(*args, **kwargs)
  File "/home/runner/TpLearn-BETA/exts/music.py", line 343, in on_voice_state_update
    if member.author.id != self.bot.user.id:
AttributeError: 'Member' object has no attribute 'author'

2021-09-19 15:57:17,521 | bot | INFO | Cog loaded: Music
2021-09-19 16:19:46,608 | bot | INFO | Cog loaded: Music
2021-09-19 16:21:19,264 | bot | INFO | Cog loaded: Music
2021-09-19 16:23:40,791 | bot | INFO | Cog loaded: Music
2021-09-19 16:23:40,814 | discord.player | ERROR | Calling the after function failed.
Traceback (most recent call last):
  File "/opt/virtualenvs/python3/lib/python3.8/site-packages/discord/player.py", line 616, in _call_after
    self.after(error)
  File "/home/runner/TpLearn-BETA/exts/music.py", line 285, in play_next_song
    raise VoiceError(str(error))
exts.music.VoiceError: [Errno 9] Bad file descriptor
2021-09-19 16:24:44,033 | bot | INFO | Resumed Connection
2021-09-19 16:24:44,195 | bot | DEBUG | changed bot status
2021-09-19 16:30:37,771 | exts.muleval | DEBUG | Eval command; Ignore black list: True
2021-09-19 16:30:37,772 | exts.muleval | INFO | 'py' highlighted code block
2021-09-19 16:30:37,772 | exts.muleval | TRACE | Eval command: Tpmonkey#2682(518063131096907813) with code:
import requests

r = requests.get("https://www.youtube.com/watch?v=ggFdVukUAbk&list=PLtfeVC7X93xYmiskD2M2_z5AqAh6voz3F")
print(r.text)
2021-09-19 16:32:01,977 | bot | INFO | Cog loaded: AdminCommands
2021-09-19 16:32:22,607 | exts.admin | DEBUG | Admin Eval from Tpmonkey#2682; code: await selef.bot.trust_client.get("https://www.youtube.com/playlist?list=PLtfeVC7X93xYmiskD2M2_z5AqAh6voz3F")
2021-09-19 16:32:26,927 | exts.admin | DEBUG | Admin Eval from Tpmonkey#2682; code: await self.bot.trust_client.get("https://www.youtube.com/playlist?list=PLtfeVC7X93xYmiskD2M2_z5AqAh6voz3F")
2021-09-19 16:32:50,179 | exts.admin | DEBUG | Admin Eval from Tpmonkey#2682; code: await self.bot.trust_session.get("https://www.youtube.com/playlist?list=PLtfeVC7X93xYmiskD2M2_z5AqAh6voz3F")
2021-09-19 16:32:58,006 | exts.admin | DEBUG | Admin Eval from Tpmonkey#2682; code: self.result.text
2021-09-19 16:33:08,888 | exts.admin | DEBUG | Admin Eval from Tpmonkey#2682; code: self.result.text()
2021-09-19 16:33:41,716 | exts.admin | DEBUG | Admin Eval from Tpmonkey#2682; code: await self.bot.trust_session.get("https://www.youtube.com/playlist?list=PLtfeVC7X93xYmiskD2M2_z5AqAh6voz3F")
2021-09-19 16:33:47,059 | exts.admin | DEBUG | Admin Eval from Tpmonkey#2682; code: await self.result.text()
2021-09-19 16:33:59,897 | exts.admin | DEBUG | Stop Admin Eval by Tpmonkey#2682
2021-09-19 16:34:02,739 | exts.admin | TRACE | Couldn't delete eval job; 518063131096907813
2021-09-19 16:46:58,766 | asyncio | ERROR | Task was destroyed but it is pending!
task: <Task pending name='Task-22225' coro=<VoiceState.audio_player_task() running at /home/runner/TpLearn-BETA/exts/music.py:280> wait_for=<Future cancelled>>
2021-09-19 16:55:52,720 | bot | INFO | Cog loaded: Music
2021-09-19 16:56:33,206 | asyncio | DEBUG | Using selector: EpollSelector
2021-09-19 16:56:33,207 | bot | DEBUG | created bot base.
2021-09-19 16:56:33,224 | constant | DEBUG | init database succesful
2021-09-19 16:56:33,254 | utils.planner | DEBUG | triggered update
2021-09-19 16:56:33,260 | bot | DEBUG | bot subclass Created.
2021-09-19 16:56:33,263 | bot | INFO | Cog loaded: Assignments
2021-09-19 16:56:33,266 | bot | INFO | Cog loaded: Snekbox
2021-09-19 16:56:33,267 | bot | INFO | Cog loaded: Latency
2021-09-19 16:56:33,742 | bot | INFO | Cog loaded: Music
2021-09-19 16:56:33,744 | bot | INFO | Cog loaded: Utility
2021-09-19 16:56:33,746 | bot | INFO | Cog loaded: DayLoop
2021-09-19 16:56:33,747 | bot | INFO | Cog loaded: Help
2021-09-19 16:56:33,748 | bot | INFO | Cog loaded: Updater
2021-09-19 16:56:33,749 | bot | INFO | Cog loaded: NewPatch
2021-09-19 16:56:33,751 | bot | INFO | Cog loaded: AdminCommands
2021-09-19 16:56:33,751 | bot | INFO | Cog loaded: ErrorHandler
2021-09-19 16:56:33,753 | bot | INFO | Cog loaded: Debug
2021-09-19 16:56:33,819 | bot | INFO | Cog loaded: KUSNews
2021-09-19 16:56:33,820 | bot | INFO | Cog loaded: SetUp
2021-09-19 16:56:33,821 | bot | INFO | Cog loaded: VoiceChannel
2021-09-19 16:56:33,847 | exts.kus | DEBUG | loaded data
2021-09-19 16:56:36,450 | utils.planner | DEBUG | returning sorted date for 562976873685057546
2021-09-19 16:56:36,471 | exts.new_patch | DEBUG | Version change found, annoucing..
2021-09-19 16:56:36,472 | bot | INFO | Connected successfully
2021-09-19 16:56:36,612 | bot | DEBUG | changed bot status
2021-09-19 16:56:36,676 | bot | DEBUG | creating assignment embed...
2021-09-19 16:56:36,677 | bot | DEBUG | successfully created assignment embed
2021-09-19 16:56:37,765 | bot | DEBUG | creating assignment embed...
2021-09-19 16:56:37,765 | bot | DEBUG | successfully created assignment embed
2021-09-19 16:56:38,887 | bot | DEBUG | creating assignment embed...
2021-09-19 16:56:38,887 | bot | DEBUG | successfully created assignment embed
2021-09-19 16:56:40,042 | bot | DEBUG | creating assignment embed...
2021-09-19 16:56:40,043 | bot | DEBUG | successfully created assignment embed
2021-09-19 16:56:41,146 | bot | DEBUG | exts.update :white_check_mark: Sucessfully update works at 562976873685057546 :
99EEEE
2021-09-19 16:56:41,290 | exts.update | DEBUG | updated active-works for 562976873685057546
2021-09-19 16:56:41,315 | utils.planner | DEBUG | returning sorted date for 728482381215826000
2021-09-19 16:56:41,441 | bot | DEBUG | creating assignment embed...
2021-09-19 16:56:41,441 | bot | DEBUG | successfully created assignment embed
2021-09-19 16:56:42,531 | bot | DEBUG | creating assignment embed...
2021-09-19 16:56:42,531 | bot | DEBUG | successfully created assignment embed
2021-09-19 16:56:43,676 | bot | DEBUG | exts.update :white_check_mark: Sucessfully update works at 728482381215826000 :
22EE
2021-09-19 16:56:43,786 | exts.update | DEBUG | updated active-works for 728482381215826000
2021-09-19 16:56:43,786 | utils.planner | DEBUG | returning sorted date for 829749071891005512
2021-09-19 16:56:44,027 | utils.planner | DEBUG | returning sorted date for 773426467492069386
2021-09-19 16:56:51,192 | googleapiclient.discovery_cache | INFO | file_cache is only supported with oauth2client<4.0.0
2021-09-19 16:56:51,198 | googleapiclient.discovery | DEBUG | URL being requested: GET https://youtube.googleapis.com/youtube/v3/playlistItems?part=snippet&playlistId=PLtfeVC7X93xYmiskD2M2_z5AqAh6voz3F&maxResults=50&key=AIzaSyAdxWpkjawZwkOoLZNdBKnaUQ1o3Wov2cg&alt=json
2021-09-19 16:56:51,496 | exts.errorhand | TRACE | Command: p https://www.youtube.com/playlist?list=PLtfeVC7X93xYmiskD2M2_z5AqAh6voz3F; Already handled locally.
2021-09-19 16:58:29,054 | bot | INFO | Cog loaded: Music
2021-09-19 16:58:32,211 | googleapiclient.discovery_cache | INFO | file_cache is only supported with oauth2client<4.0.0
2021-09-19 16:58:32,218 | googleapiclient.discovery | DEBUG | URL being requested: GET https://youtube.googleapis.com/youtube/v3/playlistItems?part=snippet&playlistId=PLtfeVC7X93xYmiskD2M2_z5AqAh6voz3F&maxResults=50&key=AIzaSyAdxWpkjawZwkOoLZNdBKnaUQ1o3Wov2cg&alt=json
2021-09-19 16:58:32,504 | exts.errorhand | TRACE | Command: p https://www.youtube.com/playlist?list=PLtfeVC7X93xYmiskD2M2_z5AqAh6voz3F; Already handled locally.
2021-09-19 17:00:33,824 | bot | DEBUG | exts.dayloop New day [UTC+7] detected.
2021-09-19 17:00:34,159 | utils.planner | DEBUG | triggered update
2021-09-19 17:01:32,379 | bot | INFO | Cog loaded: Music
2021-09-19 17:01:39,658 | googleapiclient.discovery_cache | INFO | file_cache is only supported with oauth2client<4.0.0
2021-09-19 17:01:39,665 | googleapiclient.discovery | DEBUG | URL being requested: GET https://youtube.googleapis.com/youtube/v3/playlistItems?part=snippet&playlistId=PLtfeVC7X93xYmiskD2M2_z5AqAh6voz3F&maxResults=50&key=AIzaSyAdxWpkjawZwkOoLZNdBKnaUQ1o3Wov2cg&alt=json
2021-09-19 17:02:34,167 | utils.planner | DEBUG | returning sorted date for 562976873685057546
2021-09-19 17:02:34,297 | bot | DEBUG | creating assignment embed...
2021-09-19 17:02:34,298 | bot | DEBUG | successfully created assignment embed
2021-09-19 17:02:35,383 | bot | DEBUG | creating assignment embed...
2021-09-19 17:02:35,383 | bot | DEBUG | successfully created assignment embed
2021-09-19 17:02:36,482 | bot | DEBUG | creating assignment embed...
2021-09-19 17:02:36,483 | bot | DEBUG | successfully created assignment embed
2021-09-19 17:02:37,590 | bot | DEBUG | creating assignment embed...
2021-09-19 17:02:37,590 | bot | DEBUG | successfully created assignment embed
2021-09-19 17:02:38,738 | bot | DEBUG | creating assignment embed...
2021-09-19 17:02:38,739 | bot | DEBUG | successfully created assignment embed
2021-09-19 17:02:39,896 | bot | DEBUG | creating assignment embed...
2021-09-19 17:02:39,896 | bot | DEBUG | successfully created assignment embed
2021-09-19 17:02:40,990 | bot | DEBUG | creating assignment embed...
2021-09-19 17:02:40,990 | bot | DEBUG | successfully created assignment embed
2021-09-19 17:02:42,148 | bot | DEBUG | creating assignment embed...
2021-09-19 17:02:42,149 | bot | DEBUG | successfully created assignment embed
2021-09-19 17:02:43,275 | bot | DEBUG | exts.update :white_check_mark: Sucessfully update works at 562976873685057546 :
99EEEEEEEE
2021-09-19 17:02:43,468 | exts.update | DEBUG | updated active-works for 562976873685057546
2021-09-19 17:02:43,492 | utils.planner | DEBUG | returning sorted date for 728482381215826000
2021-09-19 17:02:43,623 | bot | DEBUG | creating assignment embed...
2021-09-19 17:02:43,623 | bot | DEBUG | successfully created assignment embed
2021-09-19 17:02:44,709 | bot | DEBUG | creating assignment embed...
2021-09-19 17:02:44,710 | bot | DEBUG | successfully created assignment embed
2021-09-19 17:02:45,791 | bot | DEBUG | exts.update :white_check_mark: Sucessfully update works at 728482381215826000 :
22EE
2021-09-19 17:02:45,887 | exts.update | DEBUG | updated active-works for 728482381215826000
2021-09-19 17:02:45,887 | utils.planner | DEBUG | returning sorted date for 829749071891005512
2021-09-19 17:02:46,041 | utils.planner | DEBUG | returning sorted date for 773426467492069386
2021-09-19 17:02:46,128 | bot | DEBUG | creating assignment embed...
2021-09-19 17:02:46,128 | bot | DEBUG | successfully created assignment embed
2021-09-19 17:02:47,235 | bot | DEBUG | creating assignment embed...
2021-09-19 17:02:47,235 | bot | DEBUG | successfully created assignment embed
2021-09-19 17:02:48,344 | bot | DEBUG | exts.update :white_check_mark: Sucessfully update works at 773426467492069386 :
22EE
2021-09-19 17:02:48,523 | exts.update | DEBUG | updated active-works for 773426467492069386
